INFO:root:Starting Worker...
INFO:root:Waiting for tasks
INFO:root:Connection to master successful
INFO:root:Listening for tasks
INFO:root:Received task: 1_M1 of job 1 at 1606859083.171212
INFO:root:Listening for tasks
INFO:root:Finished task: 1_M1 of job 1 at 1606859084.172451
INFO:root:Task 1_M1 completed! Sending to Master...
INFO:root:Received task: 1_R0 of job 1 at 1606859084.1758568
INFO:root:Listening for tasks
INFO:root:Finished task: 1_R0 of job 1 at 1606859086.178264
INFO:root:Task 1_R0 completed! Sending to Master...
INFO:root:Received task: 3_M1 of job 3 at 1606859097.1997197
INFO:root:Listening for tasks
INFO:root:Finished task: 3_M1 of job 3 at 1606859099.2016568
INFO:root:Task 3_M1 completed! Sending to Master...
INFO:root:Received task: 3_R0 of job 3 at 1606859100.2056956
INFO:root:Listening for tasks
INFO:root:Received task: 3_R1 of job 3 at 1606859100.2060363
INFO:root:Listening for tasks
INFO:root:Finished task: 3_R1 of job 3 at 1606859102.2071402
INFO:root:Task 3_R1 completed! Sending to Master...
INFO:root:Finished task: 3_R0 of job 3 at 1606859105.2109184
INFO:root:Task 3_R0 completed! Sending to Master...
ERROR:root:Connection to master broken
INFO:root:Exiting...
DEBUG:root:Closed connection sockets
DEBUG:root:Closed threads
